CRITICAL - 2022-03-01 05:46:39 --> Class 'CoodeIgniter\Model' not found
#0 C:\wamp64\www\desafio-skysolar\api\system\Autoloader\Autoloader.php(264): include_once()
#1 C:\wamp64\www\desafio-skysolar\api\system\Autoloader\Autoloader.php(241): CodeIgniter\Autoloader\Autoloader->includeFile('C:\\wamp64\\www\\d...')
#2 C:\wamp64\www\desafio-skysolar\api\system\Autoloader\Autoloader.php(219): CodeIgniter\Autoloader\Autoloader->loadInNamespace('App\\Models\\Pess...')
#3 [internal function]: CodeIgniter\Autoloader\Autoloader->loadClass('App\\Models\\Pess...')
#4 C:\wamp64\www\desafio-skysolar\api\app\Controllers\Pessoas.php(14): spl_autoload_call('App\\Models\\Pess...')
#5 C:\wamp64\www\desafio-skysolar\api\system\CodeIgniter.php(809): App\Controllers\Pessoas->__construct()
#6 C:\wamp64\www\desafio-skysolar\api\system\CodeIgniter.php(410): CodeIgniter\CodeIgniter->createController()
#7 C:\wamp64\www\desafio-skysolar\api\system\CodeIgniter.php(326): CodeIgniter\CodeIgniter->handleRequest(NULL, Object(Config\Cache), false)
#8 C:\wamp64\www\desafio-skysolar\api\public\index.php(37): CodeIgniter\CodeIgniter->run()
#9 {main}
CRITICAL - 2022-03-01 05:46:57 --> Class 'CoodeIgniter\Model' not found
#0 C:\wamp64\www\desafio-skysolar\api\system\Autoloader\Autoloader.php(264): include_once()
#1 C:\wamp64\www\desafio-skysolar\api\system\Autoloader\Autoloader.php(241): CodeIgniter\Autoloader\Autoloader->includeFile('C:\\wamp64\\www\\d...')
#2 C:\wamp64\www\desafio-skysolar\api\system\Autoloader\Autoloader.php(219): CodeIgniter\Autoloader\Autoloader->loadInNamespace('App\\Models\\Pess...')
#3 [internal function]: CodeIgniter\Autoloader\Autoloader->loadClass('App\\Models\\Pess...')
#4 C:\wamp64\www\desafio-skysolar\api\app\Controllers\Pessoas.php(14): spl_autoload_call('App\\Models\\Pess...')
#5 C:\wamp64\www\desafio-skysolar\api\system\CodeIgniter.php(809): App\Controllers\Pessoas->__construct()
#6 C:\wamp64\www\desafio-skysolar\api\system\CodeIgniter.php(410): CodeIgniter\CodeIgniter->createController()
#7 C:\wamp64\www\desafio-skysolar\api\system\CodeIgniter.php(326): CodeIgniter\CodeIgniter->handleRequest(NULL, Object(Config\Cache), false)
#8 C:\wamp64\www\desafio-skysolar\api\public\index.php(37): CodeIgniter\CodeIgniter->run()
#9 {main}
CRITICAL - 2022-03-01 05:50:11 --> Class 'CoodeIgniter\Model' not found
#0 C:\wamp64\www\desafio-skysolar\api\system\Autoloader\Autoloader.php(264): include_once()
#1 C:\wamp64\www\desafio-skysolar\api\system\Autoloader\Autoloader.php(241): CodeIgniter\Autoloader\Autoloader->includeFile('C:\\wamp64\\www\\d...')
#2 C:\wamp64\www\desafio-skysolar\api\system\Autoloader\Autoloader.php(219): CodeIgniter\Autoloader\Autoloader->loadInNamespace('App\\Models\\Pess...')
#3 [internal function]: CodeIgniter\Autoloader\Autoloader->loadClass('App\\Models\\Pess...')
#4 C:\wamp64\www\desafio-skysolar\api\app\Controllers\Pessoas.php(14): spl_autoload_call('App\\Models\\Pess...')
#5 C:\wamp64\www\desafio-skysolar\api\system\CodeIgniter.php(809): App\Controllers\Pessoas->__construct()
#6 C:\wamp64\www\desafio-skysolar\api\system\CodeIgniter.php(410): CodeIgniter\CodeIgniter->createController()
#7 C:\wamp64\www\desafio-skysolar\api\system\CodeIgniter.php(326): CodeIgniter\CodeIgniter->handleRequest(NULL, Object(Config\Cache), false)
#8 C:\wamp64\www\desafio-skysolar\api\public\index.php(37): CodeIgniter\CodeIgniter->run()
#9 {main}
CRITICAL - 2022-03-01 05:56:31 --> Class 'CoodeIgniter\Model' not found
#0 C:\wamp64\www\desafio-skysolar\api\system\Autoloader\Autoloader.php(264): include_once()
#1 C:\wamp64\www\desafio-skysolar\api\system\Autoloader\Autoloader.php(241): CodeIgniter\Autoloader\Autoloader->includeFile('C:\\wamp64\\www\\d...')
#2 C:\wamp64\www\desafio-skysolar\api\system\Autoloader\Autoloader.php(219): CodeIgniter\Autoloader\Autoloader->loadInNamespace('App\\Models\\Pess...')
#3 [internal function]: CodeIgniter\Autoloader\Autoloader->loadClass('App\\Models\\Pess...')
#4 C:\wamp64\www\desafio-skysolar\api\app\Controllers\Pessoas.php(14): spl_autoload_call('App\\Models\\Pess...')
#5 C:\wamp64\www\desafio-skysolar\api\system\CodeIgniter.php(809): App\Controllers\Pessoas->__construct()
#6 C:\wamp64\www\desafio-skysolar\api\system\CodeIgniter.php(410): CodeIgniter\CodeIgniter->createController()
#7 C:\wamp64\www\desafio-skysolar\api\system\CodeIgniter.php(326): CodeIgniter\CodeIgniter->handleRequest(NULL, Object(Config\Cache), false)
#8 C:\wamp64\www\desafio-skysolar\api\public\index.php(37): CodeIgniter\CodeIgniter->run()
#9 {main}
CRITICAL - 2022-03-01 05:58:52 --> Class 'CoodeIgniter\Model' not found
#0 C:\wamp64\www\desafio-skysolar\api\system\Autoloader\Autoloader.php(264): include_once()
#1 C:\wamp64\www\desafio-skysolar\api\system\Autoloader\Autoloader.php(241): CodeIgniter\Autoloader\Autoloader->includeFile('C:\\wamp64\\www\\d...')
#2 C:\wamp64\www\desafio-skysolar\api\system\Autoloader\Autoloader.php(219): CodeIgniter\Autoloader\Autoloader->loadInNamespace('App\\Models\\Pess...')
#3 [internal function]: CodeIgniter\Autoloader\Autoloader->loadClass('App\\Models\\Pess...')
#4 C:\wamp64\www\desafio-skysolar\api\app\Controllers\Pessoas.php(14): spl_autoload_call('App\\Models\\Pess...')
#5 C:\wamp64\www\desafio-skysolar\api\system\CodeIgniter.php(809): App\Controllers\Pessoas->__construct()
#6 C:\wamp64\www\desafio-skysolar\api\system\CodeIgniter.php(410): CodeIgniter\CodeIgniter->createController()
#7 C:\wamp64\www\desafio-skysolar\api\system\CodeIgniter.php(326): CodeIgniter\CodeIgniter->handleRequest(NULL, Object(Config\Cache), false)
#8 C:\wamp64\www\desafio-skysolar\api\public\index.php(37): CodeIgniter\CodeIgniter->run()
#9 {main}
CRITICAL - 2022-03-01 05:59:24 --> Class 'CoodeIgniter\Model' not found
#0 C:\wamp64\www\desafio-skysolar\api\system\Autoloader\Autoloader.php(264): include_once()
#1 C:\wamp64\www\desafio-skysolar\api\system\Autoloader\Autoloader.php(241): CodeIgniter\Autoloader\Autoloader->includeFile('C:\\wamp64\\www\\d...')
#2 C:\wamp64\www\desafio-skysolar\api\system\Autoloader\Autoloader.php(219): CodeIgniter\Autoloader\Autoloader->loadInNamespace('App\\Models\\Pess...')
#3 [internal function]: CodeIgniter\Autoloader\Autoloader->loadClass('App\\Models\\Pess...')
#4 C:\wamp64\www\desafio-skysolar\api\app\Controllers\Pessoas.php(14): spl_autoload_call('App\\Models\\Pess...')
#5 C:\wamp64\www\desafio-skysolar\api\system\CodeIgniter.php(809): App\Controllers\Pessoas->__construct()
#6 C:\wamp64\www\desafio-skysolar\api\system\CodeIgniter.php(410): CodeIgniter\CodeIgniter->createController()
#7 C:\wamp64\www\desafio-skysolar\api\system\CodeIgniter.php(326): CodeIgniter\CodeIgniter->handleRequest(NULL, Object(Config\Cache), false)
#8 C:\wamp64\www\desafio-skysolar\api\public\index.php(37): CodeIgniter\CodeIgniter->run()
#9 {main}
CRITICAL - 2022-03-01 05:59:34 --> Class 'CoodeIgniter\Model' not found
#0 C:\wamp64\www\desafio-skysolar\api\system\Autoloader\Autoloader.php(264): include_once()
#1 C:\wamp64\www\desafio-skysolar\api\system\Autoloader\Autoloader.php(241): CodeIgniter\Autoloader\Autoloader->includeFile('C:\\wamp64\\www\\d...')
#2 C:\wamp64\www\desafio-skysolar\api\system\Autoloader\Autoloader.php(219): CodeIgniter\Autoloader\Autoloader->loadInNamespace('App\\Models\\Pess...')
#3 [internal function]: CodeIgniter\Autoloader\Autoloader->loadClass('App\\Models\\Pess...')
#4 C:\wamp64\www\desafio-skysolar\api\app\Controllers\Pessoas.php(14): spl_autoload_call('App\\Models\\Pess...')
#5 C:\wamp64\www\desafio-skysolar\api\system\CodeIgniter.php(809): App\Controllers\Pessoas->__construct()
#6 C:\wamp64\www\desafio-skysolar\api\system\CodeIgniter.php(410): CodeIgniter\CodeIgniter->createController()
#7 C:\wamp64\www\desafio-skysolar\api\system\CodeIgniter.php(326): CodeIgniter\CodeIgniter->handleRequest(NULL, Object(Config\Cache), false)
#8 C:\wamp64\www\desafio-skysolar\api\public\index.php(37): CodeIgniter\CodeIgniter->run()
#9 {main}
CRITICAL - 2022-03-01 09:13:33 --> Undefined variable: mensagem
#0 C:\wamp64\www\desafio-skysolar\api\app\Controllers\Home.php(9): CodeIgniter\Debug\Exceptions->errorHandler(8, 'Undefined varia...', 'C:\\wamp64\\www\\d...', 9, Array)
#1 C:\wamp64\www\desafio-skysolar\api\system\CodeIgniter.php(832): App\Controllers\Home->index()
#2 C:\wamp64\www\desafio-skysolar\api\system\CodeIgniter.php(419): CodeIgniter\CodeIgniter->runController(Object(App\Controllers\Home))
#3 C:\wamp64\www\desafio-skysolar\api\system\CodeIgniter.php(326): CodeIgniter\CodeIgniter->handleRequest(NULL, Object(Config\Cache), false)
#4 C:\wamp64\www\desafio-skysolar\api\public\index.php(37): CodeIgniter\CodeIgniter->run()
#5 {main}
CRITICAL - 2022-03-01 09:19:09 --> Class 'CoodeIgniter\Model' not found
#0 C:\wamp64\www\desafio-skysolar\api\system\Autoloader\Autoloader.php(264): include_once()
#1 C:\wamp64\www\desafio-skysolar\api\system\Autoloader\Autoloader.php(241): CodeIgniter\Autoloader\Autoloader->includeFile('C:\\wamp64\\www\\d...')
#2 C:\wamp64\www\desafio-skysolar\api\system\Autoloader\Autoloader.php(219): CodeIgniter\Autoloader\Autoloader->loadInNamespace('App\\Models\\Pess...')
#3 [internal function]: CodeIgniter\Autoloader\Autoloader->loadClass('App\\Models\\Pess...')
#4 C:\wamp64\www\desafio-skysolar\api\app\Controllers\Pessoas.php(14): spl_autoload_call('App\\Models\\Pess...')
#5 C:\wamp64\www\desafio-skysolar\api\system\CodeIgniter.php(809): App\Controllers\Pessoas->__construct()
#6 C:\wamp64\www\desafio-skysolar\api\system\CodeIgniter.php(410): CodeIgniter\CodeIgniter->createController()
#7 C:\wamp64\www\desafio-skysolar\api\system\CodeIgniter.php(326): CodeIgniter\CodeIgniter->handleRequest(NULL, Object(Config\Cache), false)
#8 C:\wamp64\www\desafio-skysolar\api\public\index.php(37): CodeIgniter\CodeIgniter->run()
#9 {main}
CRITICAL - 2022-03-01 11:29:39 --> syntax error, unexpected ';', expecting ')'
#0 C:\wamp64\www\desafio-skysolar\api\system\Autoloader\Autoloader.php(241): CodeIgniter\Autoloader\Autoloader->includeFile('C:\\wamp64\\www\\d...')
#1 C:\wamp64\www\desafio-skysolar\api\system\Autoloader\Autoloader.php(219): CodeIgniter\Autoloader\Autoloader->loadInNamespace('App\\Controllers...')
#2 [internal function]: CodeIgniter\Autoloader\Autoloader->loadClass('App\\Controllers...')
#3 [internal function]: spl_autoload_call('App\\Controllers...')
#4 C:\wamp64\www\desafio-skysolar\api\system\CodeIgniter.php(797): class_exists('\\App\\Controller...', true)
#5 C:\wamp64\www\desafio-skysolar\api\system\CodeIgniter.php(406): CodeIgniter\CodeIgniter->startController()
#6 C:\wamp64\www\desafio-skysolar\api\system\CodeIgniter.php(326): CodeIgniter\CodeIgniter->handleRequest(NULL, Object(Config\Cache), false)
#7 C:\wamp64\www\desafio-skysolar\api\public\index.php(37): CodeIgniter\CodeIgniter->run()
#8 {main}
CRITICAL - 2022-03-01 11:50:58 --> Declaration of App\Controllers\Pessoas::update($cod_pessoa) should be compatible with CodeIgniter\RESTful\ResourceController::update($id = NULL)
#0 C:\wamp64\www\desafio-skysolar\api\app\Controllers\Pessoas.php(8): CodeIgniter\Debug\Exceptions->errorHandler(2, 'Declaration of ...', 'C:\\wamp64\\www\\d...', 8, Array)
#1 C:\wamp64\www\desafio-skysolar\api\system\Autoloader\Autoloader.php(264): include_once('C:\\wamp64\\www\\d...')
#2 C:\wamp64\www\desafio-skysolar\api\system\Autoloader\Autoloader.php(241): CodeIgniter\Autoloader\Autoloader->includeFile('C:\\wamp64\\www\\d...')
#3 C:\wamp64\www\desafio-skysolar\api\system\Autoloader\Autoloader.php(219): CodeIgniter\Autoloader\Autoloader->loadInNamespace('App\\Controllers...')
#4 [internal function]: CodeIgniter\Autoloader\Autoloader->loadClass('App\\Controllers...')
#5 [internal function]: spl_autoload_call('App\\Controllers...')
#6 C:\wamp64\www\desafio-skysolar\api\system\CodeIgniter.php(797): class_exists('\\App\\Controller...', true)
#7 C:\wamp64\www\desafio-skysolar\api\system\CodeIgniter.php(406): CodeIgniter\CodeIgniter->startController()
#8 C:\wamp64\www\desafio-skysolar\api\system\CodeIgniter.php(326): CodeIgniter\CodeIgniter->handleRequest(NULL, Object(Config\Cache), false)
#9 C:\wamp64\www\desafio-skysolar\api\public\index.php(37): CodeIgniter\CodeIgniter->run()
#10 {main}
CRITICAL - 2022-03-01 11:53:28 --> Declaration of App\Controllers\Pessoas::update($cod_pessoa) should be compatible with CodeIgniter\RESTful\ResourceController::update($id = NULL)
#0 C:\wamp64\www\desafio-skysolar\api\app\Controllers\Pessoas.php(8): CodeIgniter\Debug\Exceptions->errorHandler(2, 'Declaration of ...', 'C:\\wamp64\\www\\d...', 8, Array)
#1 C:\wamp64\www\desafio-skysolar\api\system\Autoloader\Autoloader.php(264): include_once('C:\\wamp64\\www\\d...')
#2 C:\wamp64\www\desafio-skysolar\api\system\Autoloader\Autoloader.php(241): CodeIgniter\Autoloader\Autoloader->includeFile('C:\\wamp64\\www\\d...')
#3 C:\wamp64\www\desafio-skysolar\api\system\Autoloader\Autoloader.php(219): CodeIgniter\Autoloader\Autoloader->loadInNamespace('App\\Controllers...')
#4 [internal function]: CodeIgniter\Autoloader\Autoloader->loadClass('App\\Controllers...')
#5 [internal function]: spl_autoload_call('App\\Controllers...')
#6 C:\wamp64\www\desafio-skysolar\api\system\CodeIgniter.php(797): class_exists('\\App\\Controller...', true)
#7 C:\wamp64\www\desafio-skysolar\api\system\CodeIgniter.php(406): CodeIgniter\CodeIgniter->startController()
#8 C:\wamp64\www\desafio-skysolar\api\system\CodeIgniter.php(326): CodeIgniter\CodeIgniter->handleRequest(NULL, Object(Config\Cache), false)
#9 C:\wamp64\www\desafio-skysolar\api\public\index.php(37): CodeIgniter\CodeIgniter->run()
#10 {main}
CRITICAL - 2022-03-01 11:54:24 --> Declaration of App\Controllers\Pessoas::update($cod_pessoa) should be compatible with CodeIgniter\RESTful\ResourceController::update($id = NULL)
#0 C:\wamp64\www\desafio-skysolar\api\app\Controllers\Pessoas.php(8): CodeIgniter\Debug\Exceptions->errorHandler(2, 'Declaration of ...', 'C:\\wamp64\\www\\d...', 8, Array)
#1 C:\wamp64\www\desafio-skysolar\api\system\Autoloader\Autoloader.php(264): include_once('C:\\wamp64\\www\\d...')
#2 C:\wamp64\www\desafio-skysolar\api\system\Autoloader\Autoloader.php(241): CodeIgniter\Autoloader\Autoloader->includeFile('C:\\wamp64\\www\\d...')
#3 C:\wamp64\www\desafio-skysolar\api\system\Autoloader\Autoloader.php(219): CodeIgniter\Autoloader\Autoloader->loadInNamespace('App\\Controllers...')
#4 [internal function]: CodeIgniter\Autoloader\Autoloader->loadClass('App\\Controllers...')
#5 [internal function]: spl_autoload_call('App\\Controllers...')
#6 C:\wamp64\www\desafio-skysolar\api\system\CodeIgniter.php(797): class_exists('\\App\\Controller...', true)
#7 C:\wamp64\www\desafio-skysolar\api\system\CodeIgniter.php(406): CodeIgniter\CodeIgniter->startController()
#8 C:\wamp64\www\desafio-skysolar\api\system\CodeIgniter.php(326): CodeIgniter\CodeIgniter->handleRequest(NULL, Object(Config\Cache), false)
#9 C:\wamp64\www\desafio-skysolar\api\public\index.php(37): CodeIgniter\CodeIgniter->run()
#10 {main}
CRITICAL - 2022-03-01 11:55:21 --> Declaration of App\Controllers\Pessoas::update($cod_pessoa) should be compatible with CodeIgniter\RESTful\ResourceController::update($id = NULL)
#0 C:\wamp64\www\desafio-skysolar\api\app\Controllers\Pessoas.php(8): CodeIgniter\Debug\Exceptions->errorHandler(2, 'Declaration of ...', 'C:\\wamp64\\www\\d...', 8, Array)
#1 C:\wamp64\www\desafio-skysolar\api\system\Autoloader\Autoloader.php(264): include_once('C:\\wamp64\\www\\d...')
#2 C:\wamp64\www\desafio-skysolar\api\system\Autoloader\Autoloader.php(241): CodeIgniter\Autoloader\Autoloader->includeFile('C:\\wamp64\\www\\d...')
#3 C:\wamp64\www\desafio-skysolar\api\system\Autoloader\Autoloader.php(219): CodeIgniter\Autoloader\Autoloader->loadInNamespace('App\\Controllers...')
#4 [internal function]: CodeIgniter\Autoloader\Autoloader->loadClass('App\\Controllers...')
#5 [internal function]: spl_autoload_call('App\\Controllers...')
#6 C:\wamp64\www\desafio-skysolar\api\system\CodeIgniter.php(797): class_exists('\\App\\Controller...', true)
#7 C:\wamp64\www\desafio-skysolar\api\system\CodeIgniter.php(406): CodeIgniter\CodeIgniter->startController()
#8 C:\wamp64\www\desafio-skysolar\api\system\CodeIgniter.php(326): CodeIgniter\CodeIgniter->handleRequest(NULL, Object(Config\Cache), false)
#9 C:\wamp64\www\desafio-skysolar\api\public\index.php(37): CodeIgniter\CodeIgniter->run()
#10 {main}
CRITICAL - 2022-03-01 11:55:22 --> Declaration of App\Controllers\Pessoas::update($cod_pessoa) should be compatible with CodeIgniter\RESTful\ResourceController::update($id = NULL)
#0 C:\wamp64\www\desafio-skysolar\api\app\Controllers\Pessoas.php(8): CodeIgniter\Debug\Exceptions->errorHandler(2, 'Declaration of ...', 'C:\\wamp64\\www\\d...', 8, Array)
#1 C:\wamp64\www\desafio-skysolar\api\system\Autoloader\Autoloader.php(264): include_once('C:\\wamp64\\www\\d...')
#2 C:\wamp64\www\desafio-skysolar\api\system\Autoloader\Autoloader.php(241): CodeIgniter\Autoloader\Autoloader->includeFile('C:\\wamp64\\www\\d...')
#3 C:\wamp64\www\desafio-skysolar\api\system\Autoloader\Autoloader.php(219): CodeIgniter\Autoloader\Autoloader->loadInNamespace('App\\Controllers...')
#4 [internal function]: CodeIgniter\Autoloader\Autoloader->loadClass('App\\Controllers...')
#5 [internal function]: spl_autoload_call('App\\Controllers...')
#6 C:\wamp64\www\desafio-skysolar\api\system\CodeIgniter.php(797): class_exists('\\App\\Controller...', true)
#7 C:\wamp64\www\desafio-skysolar\api\system\CodeIgniter.php(406): CodeIgniter\CodeIgniter->startController()
#8 C:\wamp64\www\desafio-skysolar\api\system\CodeIgniter.php(326): CodeIgniter\CodeIgniter->handleRequest(NULL, Object(Config\Cache), false)
#9 C:\wamp64\www\desafio-skysolar\api\public\index.php(37): CodeIgniter\CodeIgniter->run()
#10 {main}
CRITICAL - 2022-03-01 11:57:23 --> Declaration of App\Controllers\Pessoas::update($cod_pessoa) should be compatible with CodeIgniter\RESTful\ResourceController::update($id = NULL)
#0 C:\wamp64\www\desafio-skysolar\api\app\Controllers\Pessoas.php(8): CodeIgniter\Debug\Exceptions->errorHandler(2, 'Declaration of ...', 'C:\\wamp64\\www\\d...', 8, Array)
#1 C:\wamp64\www\desafio-skysolar\api\system\Autoloader\Autoloader.php(264): include_once('C:\\wamp64\\www\\d...')
#2 C:\wamp64\www\desafio-skysolar\api\system\Autoloader\Autoloader.php(241): CodeIgniter\Autoloader\Autoloader->includeFile('C:\\wamp64\\www\\d...')
#3 C:\wamp64\www\desafio-skysolar\api\system\Autoloader\Autoloader.php(219): CodeIgniter\Autoloader\Autoloader->loadInNamespace('App\\Controllers...')
#4 [internal function]: CodeIgniter\Autoloader\Autoloader->loadClass('App\\Controllers...')
#5 [internal function]: spl_autoload_call('App\\Controllers...')
#6 C:\wamp64\www\desafio-skysolar\api\system\CodeIgniter.php(797): class_exists('\\App\\Controller...', true)
#7 C:\wamp64\www\desafio-skysolar\api\system\CodeIgniter.php(406): CodeIgniter\CodeIgniter->startController()
#8 C:\wamp64\www\desafio-skysolar\api\system\CodeIgniter.php(326): CodeIgniter\CodeIgniter->handleRequest(NULL, Object(Config\Cache), false)
#9 C:\wamp64\www\desafio-skysolar\api\public\index.php(37): CodeIgniter\CodeIgniter->run()
#10 {main}
CRITICAL - 2022-03-01 11:57:30 --> Declaration of App\Controllers\Pessoas::update($cod_pessoa) should be compatible with CodeIgniter\RESTful\ResourceController::update($id = NULL)
#0 C:\wamp64\www\desafio-skysolar\api\app\Controllers\Pessoas.php(8): CodeIgniter\Debug\Exceptions->errorHandler(2, 'Declaration of ...', 'C:\\wamp64\\www\\d...', 8, Array)
#1 C:\wamp64\www\desafio-skysolar\api\system\Autoloader\Autoloader.php(264): include_once('C:\\wamp64\\www\\d...')
#2 C:\wamp64\www\desafio-skysolar\api\system\Autoloader\Autoloader.php(241): CodeIgniter\Autoloader\Autoloader->includeFile('C:\\wamp64\\www\\d...')
#3 C:\wamp64\www\desafio-skysolar\api\system\Autoloader\Autoloader.php(219): CodeIgniter\Autoloader\Autoloader->loadInNamespace('App\\Controllers...')
#4 [internal function]: CodeIgniter\Autoloader\Autoloader->loadClass('App\\Controllers...')
#5 [internal function]: spl_autoload_call('App\\Controllers...')
#6 C:\wamp64\www\desafio-skysolar\api\system\CodeIgniter.php(797): class_exists('\\App\\Controller...', true)
#7 C:\wamp64\www\desafio-skysolar\api\system\CodeIgniter.php(406): CodeIgniter\CodeIgniter->startController()
#8 C:\wamp64\www\desafio-skysolar\api\system\CodeIgniter.php(326): CodeIgniter\CodeIgniter->handleRequest(NULL, Object(Config\Cache), false)
#9 C:\wamp64\www\desafio-skysolar\api\public\index.php(37): CodeIgniter\CodeIgniter->run()
#10 {main}
CRITICAL - 2022-03-01 11:57:31 --> Declaration of App\Controllers\Pessoas::update($cod_pessoa) should be compatible with CodeIgniter\RESTful\ResourceController::update($id = NULL)
#0 C:\wamp64\www\desafio-skysolar\api\app\Controllers\Pessoas.php(8): CodeIgniter\Debug\Exceptions->errorHandler(2, 'Declaration of ...', 'C:\\wamp64\\www\\d...', 8, Array)
#1 C:\wamp64\www\desafio-skysolar\api\system\Autoloader\Autoloader.php(264): include_once('C:\\wamp64\\www\\d...')
#2 C:\wamp64\www\desafio-skysolar\api\system\Autoloader\Autoloader.php(241): CodeIgniter\Autoloader\Autoloader->includeFile('C:\\wamp64\\www\\d...')
#3 C:\wamp64\www\desafio-skysolar\api\system\Autoloader\Autoloader.php(219): CodeIgniter\Autoloader\Autoloader->loadInNamespace('App\\Controllers...')
#4 [internal function]: CodeIgniter\Autoloader\Autoloader->loadClass('App\\Controllers...')
#5 [internal function]: spl_autoload_call('App\\Controllers...')
#6 C:\wamp64\www\desafio-skysolar\api\system\CodeIgniter.php(797): class_exists('\\App\\Controller...', true)
#7 C:\wamp64\www\desafio-skysolar\api\system\CodeIgniter.php(406): CodeIgniter\CodeIgniter->startController()
#8 C:\wamp64\www\desafio-skysolar\api\system\CodeIgniter.php(326): CodeIgniter\CodeIgniter->handleRequest(NULL, Object(Config\Cache), false)
#9 C:\wamp64\www\desafio-skysolar\api\public\index.php(37): CodeIgniter\CodeIgniter->run()
#10 {main}
CRITICAL - 2022-03-01 11:57:31 --> Declaration of App\Controllers\Pessoas::update($cod_pessoa) should be compatible with CodeIgniter\RESTful\ResourceController::update($id = NULL)
#0 C:\wamp64\www\desafio-skysolar\api\app\Controllers\Pessoas.php(8): CodeIgniter\Debug\Exceptions->errorHandler(2, 'Declaration of ...', 'C:\\wamp64\\www\\d...', 8, Array)
#1 C:\wamp64\www\desafio-skysolar\api\system\Autoloader\Autoloader.php(264): include_once('C:\\wamp64\\www\\d...')
#2 C:\wamp64\www\desafio-skysolar\api\system\Autoloader\Autoloader.php(241): CodeIgniter\Autoloader\Autoloader->includeFile('C:\\wamp64\\www\\d...')
#3 C:\wamp64\www\desafio-skysolar\api\system\Autoloader\Autoloader.php(219): CodeIgniter\Autoloader\Autoloader->loadInNamespace('App\\Controllers...')
#4 [internal function]: CodeIgniter\Autoloader\Autoloader->loadClass('App\\Controllers...')
#5 [internal function]: spl_autoload_call('App\\Controllers...')
#6 C:\wamp64\www\desafio-skysolar\api\system\CodeIgniter.php(797): class_exists('\\App\\Controller...', true)
#7 C:\wamp64\www\desafio-skysolar\api\system\CodeIgniter.php(406): CodeIgniter\CodeIgniter->startController()
#8 C:\wamp64\www\desafio-skysolar\api\system\CodeIgniter.php(326): CodeIgniter\CodeIgniter->handleRequest(NULL, Object(Config\Cache), false)
#9 C:\wamp64\www\desafio-skysolar\api\public\index.php(37): CodeIgniter\CodeIgniter->run()
#10 {main}
CRITICAL - 2022-03-01 11:57:32 --> Declaration of App\Controllers\Pessoas::update($cod_pessoa) should be compatible with CodeIgniter\RESTful\ResourceController::update($id = NULL)
#0 C:\wamp64\www\desafio-skysolar\api\app\Controllers\Pessoas.php(8): CodeIgniter\Debug\Exceptions->errorHandler(2, 'Declaration of ...', 'C:\\wamp64\\www\\d...', 8, Array)
#1 C:\wamp64\www\desafio-skysolar\api\system\Autoloader\Autoloader.php(264): include_once('C:\\wamp64\\www\\d...')
#2 C:\wamp64\www\desafio-skysolar\api\system\Autoloader\Autoloader.php(241): CodeIgniter\Autoloader\Autoloader->includeFile('C:\\wamp64\\www\\d...')
#3 C:\wamp64\www\desafio-skysolar\api\system\Autoloader\Autoloader.php(219): CodeIgniter\Autoloader\Autoloader->loadInNamespace('App\\Controllers...')
#4 [internal function]: CodeIgniter\Autoloader\Autoloader->loadClass('App\\Controllers...')
#5 [internal function]: spl_autoload_call('App\\Controllers...')
#6 C:\wamp64\www\desafio-skysolar\api\system\CodeIgniter.php(797): class_exists('\\App\\Controller...', true)
#7 C:\wamp64\www\desafio-skysolar\api\system\CodeIgniter.php(406): CodeIgniter\CodeIgniter->startController()
#8 C:\wamp64\www\desafio-skysolar\api\system\CodeIgniter.php(326): CodeIgniter\CodeIgniter->handleRequest(NULL, Object(Config\Cache), false)
#9 C:\wamp64\www\desafio-skysolar\api\public\index.php(37): CodeIgniter\CodeIgniter->run()
#10 {main}
CRITICAL - 2022-03-01 11:57:32 --> Declaration of App\Controllers\Pessoas::update($cod_pessoa) should be compatible with CodeIgniter\RESTful\ResourceController::update($id = NULL)
#0 C:\wamp64\www\desafio-skysolar\api\app\Controllers\Pessoas.php(8): CodeIgniter\Debug\Exceptions->errorHandler(2, 'Declaration of ...', 'C:\\wamp64\\www\\d...', 8, Array)
#1 C:\wamp64\www\desafio-skysolar\api\system\Autoloader\Autoloader.php(264): include_once('C:\\wamp64\\www\\d...')
#2 C:\wamp64\www\desafio-skysolar\api\system\Autoloader\Autoloader.php(241): CodeIgniter\Autoloader\Autoloader->includeFile('C:\\wamp64\\www\\d...')
#3 C:\wamp64\www\desafio-skysolar\api\system\Autoloader\Autoloader.php(219): CodeIgniter\Autoloader\Autoloader->loadInNamespace('App\\Controllers...')
#4 [internal function]: CodeIgniter\Autoloader\Autoloader->loadClass('App\\Controllers...')
#5 [internal function]: spl_autoload_call('App\\Controllers...')
#6 C:\wamp64\www\desafio-skysolar\api\system\CodeIgniter.php(797): class_exists('\\App\\Controller...', true)
#7 C:\wamp64\www\desafio-skysolar\api\system\CodeIgniter.php(406): CodeIgniter\CodeIgniter->startController()
#8 C:\wamp64\www\desafio-skysolar\api\system\CodeIgniter.php(326): CodeIgniter\CodeIgniter->handleRequest(NULL, Object(Config\Cache), false)
#9 C:\wamp64\www\desafio-skysolar\api\public\index.php(37): CodeIgniter\CodeIgniter->run()
#10 {main}
CRITICAL - 2022-03-01 11:57:32 --> Declaration of App\Controllers\Pessoas::update($cod_pessoa) should be compatible with CodeIgniter\RESTful\ResourceController::update($id = NULL)
#0 C:\wamp64\www\desafio-skysolar\api\app\Controllers\Pessoas.php(8): CodeIgniter\Debug\Exceptions->errorHandler(2, 'Declaration of ...', 'C:\\wamp64\\www\\d...', 8, Array)
#1 C:\wamp64\www\desafio-skysolar\api\system\Autoloader\Autoloader.php(264): include_once('C:\\wamp64\\www\\d...')
#2 C:\wamp64\www\desafio-skysolar\api\system\Autoloader\Autoloader.php(241): CodeIgniter\Autoloader\Autoloader->includeFile('C:\\wamp64\\www\\d...')
#3 C:\wamp64\www\desafio-skysolar\api\system\Autoloader\Autoloader.php(219): CodeIgniter\Autoloader\Autoloader->loadInNamespace('App\\Controllers...')
#4 [internal function]: CodeIgniter\Autoloader\Autoloader->loadClass('App\\Controllers...')
#5 [internal function]: spl_autoload_call('App\\Controllers...')
#6 C:\wamp64\www\desafio-skysolar\api\system\CodeIgniter.php(797): class_exists('\\App\\Controller...', true)
#7 C:\wamp64\www\desafio-skysolar\api\system\CodeIgniter.php(406): CodeIgniter\CodeIgniter->startController()
#8 C:\wamp64\www\desafio-skysolar\api\system\CodeIgniter.php(326): CodeIgniter\CodeIgniter->handleRequest(NULL, Object(Config\Cache), false)
#9 C:\wamp64\www\desafio-skysolar\api\public\index.php(37): CodeIgniter\CodeIgniter->run()
#10 {main}
CRITICAL - 2022-03-01 11:57:33 --> Declaration of App\Controllers\Pessoas::update($cod_pessoa) should be compatible with CodeIgniter\RESTful\ResourceController::update($id = NULL)
#0 C:\wamp64\www\desafio-skysolar\api\app\Controllers\Pessoas.php(8): CodeIgniter\Debug\Exceptions->errorHandler(2, 'Declaration of ...', 'C:\\wamp64\\www\\d...', 8, Array)
#1 C:\wamp64\www\desafio-skysolar\api\system\Autoloader\Autoloader.php(264): include_once('C:\\wamp64\\www\\d...')
#2 C:\wamp64\www\desafio-skysolar\api\system\Autoloader\Autoloader.php(241): CodeIgniter\Autoloader\Autoloader->includeFile('C:\\wamp64\\www\\d...')
#3 C:\wamp64\www\desafio-skysolar\api\system\Autoloader\Autoloader.php(219): CodeIgniter\Autoloader\Autoloader->loadInNamespace('App\\Controllers...')
#4 [internal function]: CodeIgniter\Autoloader\Autoloader->loadClass('App\\Controllers...')
#5 [internal function]: spl_autoload_call('App\\Controllers...')
#6 C:\wamp64\www\desafio-skysolar\api\system\CodeIgniter.php(797): class_exists('\\App\\Controller...', true)
#7 C:\wamp64\www\desafio-skysolar\api\system\CodeIgniter.php(406): CodeIgniter\CodeIgniter->startController()
#8 C:\wamp64\www\desafio-skysolar\api\system\CodeIgniter.php(326): CodeIgniter\CodeIgniter->handleRequest(NULL, Object(Config\Cache), false)
#9 C:\wamp64\www\desafio-skysolar\api\public\index.php(37): CodeIgniter\CodeIgniter->run()
#10 {main}
CRITICAL - 2022-03-01 11:57:33 --> Declaration of App\Controllers\Pessoas::update($cod_pessoa) should be compatible with CodeIgniter\RESTful\ResourceController::update($id = NULL)
#0 C:\wamp64\www\desafio-skysolar\api\app\Controllers\Pessoas.php(8): CodeIgniter\Debug\Exceptions->errorHandler(2, 'Declaration of ...', 'C:\\wamp64\\www\\d...', 8, Array)
#1 C:\wamp64\www\desafio-skysolar\api\system\Autoloader\Autoloader.php(264): include_once('C:\\wamp64\\www\\d...')
#2 C:\wamp64\www\desafio-skysolar\api\system\Autoloader\Autoloader.php(241): CodeIgniter\Autoloader\Autoloader->includeFile('C:\\wamp64\\www\\d...')
#3 C:\wamp64\www\desafio-skysolar\api\system\Autoloader\Autoloader.php(219): CodeIgniter\Autoloader\Autoloader->loadInNamespace('App\\Controllers...')
#4 [internal function]: CodeIgniter\Autoloader\Autoloader->loadClass('App\\Controllers...')
#5 [internal function]: spl_autoload_call('App\\Controllers...')
#6 C:\wamp64\www\desafio-skysolar\api\system\CodeIgniter.php(797): class_exists('\\App\\Controller...', true)
#7 C:\wamp64\www\desafio-skysolar\api\system\CodeIgniter.php(406): CodeIgniter\CodeIgniter->startController()
#8 C:\wamp64\www\desafio-skysolar\api\system\CodeIgniter.php(326): CodeIgniter\CodeIgniter->handleRequest(NULL, Object(Config\Cache), false)
#9 C:\wamp64\www\desafio-skysolar\api\public\index.php(37): CodeIgniter\CodeIgniter->run()
#10 {main}
CRITICAL - 2022-03-01 12:03:15 --> Declaration of App\Controllers\Pessoas::update($cod_pessoa) should be compatible with CodeIgniter\RESTful\ResourceController::update($id = NULL)
#0 C:\wamp64\www\desafio-skysolar\api\app\Controllers\Pessoas.php(8): CodeIgniter\Debug\Exceptions->errorHandler(2, 'Declaration of ...', 'C:\\wamp64\\www\\d...', 8, Array)
#1 C:\wamp64\www\desafio-skysolar\api\system\Autoloader\Autoloader.php(264): include_once('C:\\wamp64\\www\\d...')
#2 C:\wamp64\www\desafio-skysolar\api\system\Autoloader\Autoloader.php(241): CodeIgniter\Autoloader\Autoloader->includeFile('C:\\wamp64\\www\\d...')
#3 C:\wamp64\www\desafio-skysolar\api\system\Autoloader\Autoloader.php(219): CodeIgniter\Autoloader\Autoloader->loadInNamespace('App\\Controllers...')
#4 [internal function]: CodeIgniter\Autoloader\Autoloader->loadClass('App\\Controllers...')
#5 [internal function]: spl_autoload_call('App\\Controllers...')
#6 C:\wamp64\www\desafio-skysolar\api\system\CodeIgniter.php(797): class_exists('\\App\\Controller...', true)
#7 C:\wamp64\www\desafio-skysolar\api\system\CodeIgniter.php(406): CodeIgniter\CodeIgniter->startController()
#8 C:\wamp64\www\desafio-skysolar\api\system\CodeIgniter.php(326): CodeIgniter\CodeIgniter->handleRequest(NULL, Object(Config\Cache), false)
#9 C:\wamp64\www\desafio-skysolar\api\public\index.php(37): CodeIgniter\CodeIgniter->run()
#10 {main}
CRITICAL - 2022-03-01 12:04:04 --> Declaration of App\Controllers\Pessoas::update($cod_pessoa) should be compatible with CodeIgniter\RESTful\ResourceController::update($id = NULL)
#0 C:\wamp64\www\desafio-skysolar\api\app\Controllers\Pessoas.php(8): CodeIgniter\Debug\Exceptions->errorHandler(2, 'Declaration of ...', 'C:\\wamp64\\www\\d...', 8, Array)
#1 C:\wamp64\www\desafio-skysolar\api\system\Autoloader\Autoloader.php(264): include_once('C:\\wamp64\\www\\d...')
#2 C:\wamp64\www\desafio-skysolar\api\system\Autoloader\Autoloader.php(241): CodeIgniter\Autoloader\Autoloader->includeFile('C:\\wamp64\\www\\d...')
#3 C:\wamp64\www\desafio-skysolar\api\system\Autoloader\Autoloader.php(219): CodeIgniter\Autoloader\Autoloader->loadInNamespace('App\\Controllers...')
#4 [internal function]: CodeIgniter\Autoloader\Autoloader->loadClass('App\\Controllers...')
#5 [internal function]: spl_autoload_call('App\\Controllers...')
#6 C:\wamp64\www\desafio-skysolar\api\system\CodeIgniter.php(797): class_exists('\\App\\Controller...', true)
#7 C:\wamp64\www\desafio-skysolar\api\system\CodeIgniter.php(406): CodeIgniter\CodeIgniter->startController()
#8 C:\wamp64\www\desafio-skysolar\api\system\CodeIgniter.php(326): CodeIgniter\CodeIgniter->handleRequest(NULL, Object(Config\Cache), false)
#9 C:\wamp64\www\desafio-skysolar\api\public\index.php(37): CodeIgniter\CodeIgniter->run()
#10 {main}
CRITICAL - 2022-03-01 12:04:36 --> Declaration of App\Controllers\Pessoas::update($cod_pessoa) should be compatible with CodeIgniter\RESTful\ResourceController::update($id = NULL)
#0 C:\wamp64\www\desafio-skysolar\api\app\Controllers\Pessoas.php(8): CodeIgniter\Debug\Exceptions->errorHandler(2, 'Declaration of ...', 'C:\\wamp64\\www\\d...', 8, Array)
#1 C:\wamp64\www\desafio-skysolar\api\system\Autoloader\Autoloader.php(264): include_once('C:\\wamp64\\www\\d...')
#2 C:\wamp64\www\desafio-skysolar\api\system\Autoloader\Autoloader.php(241): CodeIgniter\Autoloader\Autoloader->includeFile('C:\\wamp64\\www\\d...')
#3 C:\wamp64\www\desafio-skysolar\api\system\Autoloader\Autoloader.php(219): CodeIgniter\Autoloader\Autoloader->loadInNamespace('App\\Controllers...')
#4 [internal function]: CodeIgniter\Autoloader\Autoloader->loadClass('App\\Controllers...')
#5 [internal function]: spl_autoload_call('App\\Controllers...')
#6 C:\wamp64\www\desafio-skysolar\api\system\CodeIgniter.php(797): class_exists('\\App\\Controller...', true)
#7 C:\wamp64\www\desafio-skysolar\api\system\CodeIgniter.php(406): CodeIgniter\CodeIgniter->startController()
#8 C:\wamp64\www\desafio-skysolar\api\system\CodeIgniter.php(326): CodeIgniter\CodeIgniter->handleRequest(NULL, Object(Config\Cache), false)
#9 C:\wamp64\www\desafio-skysolar\api\public\index.php(37): CodeIgniter\CodeIgniter->run()
#10 {main}
CRITICAL - 2022-03-01 12:08:48 --> Declaration of App\Controllers\Pessoas::update($cod_pessoa) should be compatible with CodeIgniter\RESTful\ResourceController::update($id = NULL)
#0 C:\wamp64\www\desafio-skysolar\api\app\Controllers\Pessoas.php(8): CodeIgniter\Debug\Exceptions->errorHandler(2, 'Declaration of ...', 'C:\\wamp64\\www\\d...', 8, Array)
#1 C:\wamp64\www\desafio-skysolar\api\system\Autoloader\Autoloader.php(264): include_once('C:\\wamp64\\www\\d...')
#2 C:\wamp64\www\desafio-skysolar\api\system\Autoloader\Autoloader.php(241): CodeIgniter\Autoloader\Autoloader->includeFile('C:\\wamp64\\www\\d...')
#3 C:\wamp64\www\desafio-skysolar\api\system\Autoloader\Autoloader.php(219): CodeIgniter\Autoloader\Autoloader->loadInNamespace('App\\Controllers...')
#4 [internal function]: CodeIgniter\Autoloader\Autoloader->loadClass('App\\Controllers...')
#5 [internal function]: spl_autoload_call('App\\Controllers...')
#6 C:\wamp64\www\desafio-skysolar\api\system\CodeIgniter.php(797): class_exists('\\App\\Controller...', true)
#7 C:\wamp64\www\desafio-skysolar\api\system\CodeIgniter.php(406): CodeIgniter\CodeIgniter->startController()
#8 C:\wamp64\www\desafio-skysolar\api\system\CodeIgniter.php(326): CodeIgniter\CodeIgniter->handleRequest(NULL, Object(Config\Cache), false)
#9 C:\wamp64\www\desafio-skysolar\api\public\index.php(37): CodeIgniter\CodeIgniter->run()
#10 {main}
CRITICAL - 2022-03-01 12:17:55 --> Call to undefined method CodeIgniter\HTTP\IncomingRequest::getPut()
#0 C:\wamp64\www\desafio-skysolar\api\system\CodeIgniter.php(832): App\Controllers\Pessoas->update('2')
#1 C:\wamp64\www\desafio-skysolar\api\system\CodeIgniter.php(419): CodeIgniter\CodeIgniter->runController(Object(App\Controllers\Pessoas))
#2 C:\wamp64\www\desafio-skysolar\api\system\CodeIgniter.php(326): CodeIgniter\CodeIgniter->handleRequest(NULL, Object(Config\Cache), false)
#3 C:\wamp64\www\desafio-skysolar\api\public\index.php(37): CodeIgniter\CodeIgniter->run()
#4 {main}
CRITICAL - 2022-03-01 14:34:00 --> syntax error, unexpected ']', expecting ')'
#0 C:\wamp64\www\desafio-skysolar\api\system\Router\Router.php(175): CodeIgniter\Router\Router->autoRoute('pessoas/update/...')
#1 C:\wamp64\www\desafio-skysolar\api\system\CodeIgniter.php(726): CodeIgniter\Router\Router->handle('pessoas/update/...')
#2 C:\wamp64\www\desafio-skysolar\api\system\CodeIgniter.php(368): CodeIgniter\CodeIgniter->tryToRouteIt(Object(CodeIgniter\Router\RouteCollection))
#3 C:\wamp64\www\desafio-skysolar\api\system\CodeIgniter.php(326): CodeIgniter\CodeIgniter->handleRequest(NULL, Object(Config\Cache), false)
#4 C:\wamp64\www\desafio-skysolar\api\public\index.php(37): CodeIgniter\CodeIgniter->run()
#5 {main}
CRITICAL - 2022-03-01 14:34:26 --> syntax error, unexpected ')', expecting ']'
#0 C:\wamp64\www\desafio-skysolar\api\system\Router\Router.php(175): CodeIgniter\Router\Router->autoRoute('pessoas/update/...')
#1 C:\wamp64\www\desafio-skysolar\api\system\CodeIgniter.php(726): CodeIgniter\Router\Router->handle('pessoas/update/...')
#2 C:\wamp64\www\desafio-skysolar\api\system\CodeIgniter.php(368): CodeIgniter\CodeIgniter->tryToRouteIt(Object(CodeIgniter\Router\RouteCollection))
#3 C:\wamp64\www\desafio-skysolar\api\system\CodeIgniter.php(326): CodeIgniter\CodeIgniter->handleRequest(NULL, Object(Config\Cache), false)
#4 C:\wamp64\www\desafio-skysolar\api\public\index.php(37): CodeIgniter\CodeIgniter->run()
#5 {main}
CRITICAL - 2022-03-01 14:34:35 --> syntax error, unexpected ')', expecting ']'
#0 C:\wamp64\www\desafio-skysolar\api\system\Autoloader\Autoloader.php(241): CodeIgniter\Autoloader\Autoloader->includeFile('C:\\wamp64\\www\\d...')
#1 C:\wamp64\www\desafio-skysolar\api\system\Autoloader\Autoloader.php(219): CodeIgniter\Autoloader\Autoloader->loadInNamespace('App\\Controllers...')
#2 [internal function]: CodeIgniter\Autoloader\Autoloader->loadClass('App\\Controllers...')
#3 [internal function]: spl_autoload_call('App\\Controllers...')
#4 C:\wamp64\www\desafio-skysolar\api\system\CodeIgniter.php(797): class_exists('\\App\\Controller...', true)
#5 C:\wamp64\www\desafio-skysolar\api\system\CodeIgniter.php(406): CodeIgniter\CodeIgniter->startController()
#6 C:\wamp64\www\desafio-skysolar\api\system\CodeIgniter.php(326): CodeIgniter\CodeIgniter->handleRequest(NULL, Object(Config\Cache), false)
#7 C:\wamp64\www\desafio-skysolar\api\public\index.php(37): CodeIgniter\CodeIgniter->run()
#8 {main}
CRITICAL - 2022-03-01 14:35:02 --> syntax error, unexpected ')', expecting ']'
#0 C:\wamp64\www\desafio-skysolar\api\system\Autoloader\Autoloader.php(241): CodeIgniter\Autoloader\Autoloader->includeFile('C:\\wamp64\\www\\d...')
#1 C:\wamp64\www\desafio-skysolar\api\system\Autoloader\Autoloader.php(219): CodeIgniter\Autoloader\Autoloader->loadInNamespace('App\\Controllers...')
#2 [internal function]: CodeIgniter\Autoloader\Autoloader->loadClass('App\\Controllers...')
#3 [internal function]: spl_autoload_call('App\\Controllers...')
#4 C:\wamp64\www\desafio-skysolar\api\system\CodeIgniter.php(797): class_exists('\\App\\Controller...', true)
#5 C:\wamp64\www\desafio-skysolar\api\system\CodeIgniter.php(406): CodeIgniter\CodeIgniter->startController()
#6 C:\wamp64\www\desafio-skysolar\api\system\CodeIgniter.php(326): CodeIgniter\CodeIgniter->handleRequest(NULL, Object(Config\Cache), false)
#7 C:\wamp64\www\desafio-skysolar\api\public\index.php(37): CodeIgniter\CodeIgniter->run()
#8 {main}
CRITICAL - 2022-03-01 14:35:03 --> syntax error, unexpected ')', expecting ']'
#0 C:\wamp64\www\desafio-skysolar\api\system\Autoloader\Autoloader.php(241): CodeIgniter\Autoloader\Autoloader->includeFile('C:\\wamp64\\www\\d...')
#1 C:\wamp64\www\desafio-skysolar\api\system\Autoloader\Autoloader.php(219): CodeIgniter\Autoloader\Autoloader->loadInNamespace('App\\Controllers...')
#2 [internal function]: CodeIgniter\Autoloader\Autoloader->loadClass('App\\Controllers...')
#3 [internal function]: spl_autoload_call('App\\Controllers...')
#4 C:\wamp64\www\desafio-skysolar\api\system\CodeIgniter.php(797): class_exists('\\App\\Controller...', true)
#5 C:\wamp64\www\desafio-skysolar\api\system\CodeIgniter.php(406): CodeIgniter\CodeIgniter->startController()
#6 C:\wamp64\www\desafio-skysolar\api\system\CodeIgniter.php(326): CodeIgniter\CodeIgniter->handleRequest(NULL, Object(Config\Cache), false)
#7 C:\wamp64\www\desafio-skysolar\api\public\index.php(37): CodeIgniter\CodeIgniter->run()
#8 {main}
CRITICAL - 2022-03-01 14:35:35 --> json_decode() expects parameter 1 to be string, object given
#0 [internal function]: CodeIgniter\Debug\Exceptions->errorHandler(2, 'json_decode() e...', 'C:\\wamp64\\www\\d...', 150, Array)
#1 C:\wamp64\www\desafio-skysolar\api\app\Controllers\Pessoas.php(150): json_decode(Object(stdClass), true)
#2 C:\wamp64\www\desafio-skysolar\api\system\CodeIgniter.php(832): App\Controllers\Pessoas->update('2')
#3 C:\wamp64\www\desafio-skysolar\api\system\CodeIgniter.php(419): CodeIgniter\CodeIgniter->runController(Object(App\Controllers\Pessoas))
#4 C:\wamp64\www\desafio-skysolar\api\system\CodeIgniter.php(326): CodeIgniter\CodeIgniter->handleRequest(NULL, Object(Config\Cache), false)
#5 C:\wamp64\www\desafio-skysolar\api\public\index.php(37): CodeIgniter\CodeIgniter->run()
#6 {main}
CRITICAL - 2022-03-01 14:36:06 --> json_decode() expects parameter 1 to be string, object given
#0 [internal function]: CodeIgniter\Debug\Exceptions->errorHandler(2, 'json_decode() e...', 'C:\\wamp64\\www\\d...', 150, Array)
#1 C:\wamp64\www\desafio-skysolar\api\app\Controllers\Pessoas.php(150): json_decode(Object(stdClass))
#2 C:\wamp64\www\desafio-skysolar\api\system\CodeIgniter.php(832): App\Controllers\Pessoas->update('2')
#3 C:\wamp64\www\desafio-skysolar\api\system\CodeIgniter.php(419): CodeIgniter\CodeIgniter->runController(Object(App\Controllers\Pessoas))
#4 C:\wamp64\www\desafio-skysolar\api\system\CodeIgniter.php(326): CodeIgniter\CodeIgniter->handleRequest(NULL, Object(Config\Cache), false)
#5 C:\wamp64\www\desafio-skysolar\api\public\index.php(37): CodeIgniter\CodeIgniter->run()
#6 {main}
CRITICAL - 2022-03-01 14:38:25 --> json_decode() expects parameter 1 to be string, object given
#0 [internal function]: CodeIgniter\Debug\Exceptions->errorHandler(2, 'json_decode() e...', 'C:\\wamp64\\www\\d...', 150, Array)
#1 C:\wamp64\www\desafio-skysolar\api\app\Controllers\Pessoas.php(150): json_decode(Object(stdClass))
#2 C:\wamp64\www\desafio-skysolar\api\system\CodeIgniter.php(832): App\Controllers\Pessoas->update('2')
#3 C:\wamp64\www\desafio-skysolar\api\system\CodeIgniter.php(419): CodeIgniter\CodeIgniter->runController(Object(App\Controllers\Pessoas))
#4 C:\wamp64\www\desafio-skysolar\api\system\CodeIgniter.php(326): CodeIgniter\CodeIgniter->handleRequest(NULL, Object(Config\Cache), false)
#5 C:\wamp64\www\desafio-skysolar\api\public\index.php(37): CodeIgniter\CodeIgniter->run()
#6 {main}
CRITICAL - 2022-03-01 14:38:48 --> Object of class stdClass could not be converted to string
#0 C:\wamp64\www\desafio-skysolar\api\app\Controllers\Pessoas.php(152): CodeIgniter\Debug\Exceptions->errorHandler(4096, 'Object of class...', 'C:\\wamp64\\www\\d...', 152, Array)
#1 C:\wamp64\www\desafio-skysolar\api\system\CodeIgniter.php(832): App\Controllers\Pessoas->update('2')
#2 C:\wamp64\www\desafio-skysolar\api\system\CodeIgniter.php(419): CodeIgniter\CodeIgniter->runController(Object(App\Controllers\Pessoas))
#3 C:\wamp64\www\desafio-skysolar\api\system\CodeIgniter.php(326): CodeIgniter\CodeIgniter->handleRequest(NULL, Object(Config\Cache), false)
#4 C:\wamp64\www\desafio-skysolar\api\public\index.php(37): CodeIgniter\CodeIgniter->run()
#5 {main}
CRITICAL - 2022-03-01 14:39:15 --> Array to string conversion
#0 C:\wamp64\www\desafio-skysolar\api\app\Controllers\Pessoas.php(152): CodeIgniter\Debug\Exceptions->errorHandler(8, 'Array to string...', 'C:\\wamp64\\www\\d...', 152, Array)
#1 C:\wamp64\www\desafio-skysolar\api\system\CodeIgniter.php(832): App\Controllers\Pessoas->update('2')
#2 C:\wamp64\www\desafio-skysolar\api\system\CodeIgniter.php(419): CodeIgniter\CodeIgniter->runController(Object(App\Controllers\Pessoas))
#3 C:\wamp64\www\desafio-skysolar\api\system\CodeIgniter.php(326): CodeIgniter\CodeIgniter->handleRequest(NULL, Object(Config\Cache), false)
#4 C:\wamp64\www\desafio-skysolar\api\public\index.php(37): CodeIgniter\CodeIgniter->run()
#5 {main}
CRITICAL - 2022-03-01 14:39:16 --> Array to string conversion
#0 C:\wamp64\www\desafio-skysolar\api\app\Controllers\Pessoas.php(152): CodeIgniter\Debug\Exceptions->errorHandler(8, 'Array to string...', 'C:\\wamp64\\www\\d...', 152, Array)
#1 C:\wamp64\www\desafio-skysolar\api\system\CodeIgniter.php(832): App\Controllers\Pessoas->update('2')
#2 C:\wamp64\www\desafio-skysolar\api\system\CodeIgniter.php(419): CodeIgniter\CodeIgniter->runController(Object(App\Controllers\Pessoas))
#3 C:\wamp64\www\desafio-skysolar\api\system\CodeIgniter.php(326): CodeIgniter\CodeIgniter->handleRequest(NULL, Object(Config\Cache), false)
#4 C:\wamp64\www\desafio-skysolar\api\public\index.php(37): CodeIgniter\CodeIgniter->run()
#5 {main}
CRITICAL - 2022-03-01 14:39:57 --> Cannot use object of type stdClass as array
#0 C:\wamp64\www\desafio-skysolar\api\system\CodeIgniter.php(832): App\Controllers\Pessoas->update('2')
#1 C:\wamp64\www\desafio-skysolar\api\system\CodeIgniter.php(419): CodeIgniter\CodeIgniter->runController(Object(App\Controllers\Pessoas))
#2 C:\wamp64\www\desafio-skysolar\api\system\CodeIgniter.php(326): CodeIgniter\CodeIgniter->handleRequest(NULL, Object(Config\Cache), false)
#3 C:\wamp64\www\desafio-skysolar\api\public\index.php(37): CodeIgniter\CodeIgniter->run()
#4 {main}
CRITICAL - 2022-03-01 14:41:08 --> Trying to get property 'nome_completo' of non-object
#0 C:\wamp64\www\desafio-skysolar\api\app\Controllers\Pessoas.php(152): CodeIgniter\Debug\Exceptions->errorHandler(8, 'Trying to get p...', 'C:\\wamp64\\www\\d...', 152, Array)
#1 C:\wamp64\www\desafio-skysolar\api\system\CodeIgniter.php(832): App\Controllers\Pessoas->update('2')
#2 C:\wamp64\www\desafio-skysolar\api\system\CodeIgniter.php(419): CodeIgniter\CodeIgniter->runController(Object(App\Controllers\Pessoas))
#3 C:\wamp64\www\desafio-skysolar\api\system\CodeIgniter.php(326): CodeIgniter\CodeIgniter->handleRequest(NULL, Object(Config\Cache), false)
#4 C:\wamp64\www\desafio-skysolar\api\public\index.php(37): CodeIgniter\CodeIgniter->run()
#5 {main}
CRITICAL - 2022-03-01 15:16:45 --> syntax error, unexpected ';', expecting ']'
#0 C:\wamp64\www\desafio-skysolar\api\system\Router\Router.php(175): CodeIgniter\Router\Router->autoRoute('pessoas/update/...')
#1 C:\wamp64\www\desafio-skysolar\api\system\CodeIgniter.php(726): CodeIgniter\Router\Router->handle('pessoas/update/...')
#2 C:\wamp64\www\desafio-skysolar\api\system\CodeIgniter.php(368): CodeIgniter\CodeIgniter->tryToRouteIt(Object(CodeIgniter\Router\RouteCollection))
#3 C:\wamp64\www\desafio-skysolar\api\system\CodeIgniter.php(326): CodeIgniter\CodeIgniter->handleRequest(NULL, Object(Config\Cache), false)
#4 C:\wamp64\www\desafio-skysolar\api\public\index.php(37): CodeIgniter\CodeIgniter->run()
#5 {main}
CRITICAL - 2022-03-01 17:48:02 --> Undefined variable: validation
#0 C:\wamp64\www\desafio-skysolar\api\app\Controllers\Pessoas.php(170): CodeIgniter\Debug\Exceptions->errorHandler(8, 'Undefined varia...', 'C:\\wamp64\\www\\d...', 170, Array)
#1 C:\wamp64\www\desafio-skysolar\api\system\CodeIgniter.php(832): App\Controllers\Pessoas->update('2')
#2 C:\wamp64\www\desafio-skysolar\api\system\CodeIgniter.php(419): CodeIgniter\CodeIgniter->runController(Object(App\Controllers\Pessoas))
#3 C:\wamp64\www\desafio-skysolar\api\system\CodeIgniter.php(326): CodeIgniter\CodeIgniter->handleRequest(NULL, Object(Config\Cache), false)
#4 C:\wamp64\www\desafio-skysolar\api\public\index.php(37): CodeIgniter\CodeIgniter->run()
#5 {main}
CRITICAL - 2022-03-01 17:56:53 --> syntax error, unexpected 'else' (T_ELSE)
#0 C:\wamp64\www\desafio-skysolar\api\system\Router\Router.php(175): CodeIgniter\Router\Router->autoRoute('pessoas/update/...')
#1 C:\wamp64\www\desafio-skysolar\api\system\CodeIgniter.php(726): CodeIgniter\Router\Router->handle('pessoas/update/...')
#2 C:\wamp64\www\desafio-skysolar\api\system\CodeIgniter.php(368): CodeIgniter\CodeIgniter->tryToRouteIt(Object(CodeIgniter\Router\RouteCollection))
#3 C:\wamp64\www\desafio-skysolar\api\system\CodeIgniter.php(326): CodeIgniter\CodeIgniter->handleRequest(NULL, Object(Config\Cache), false)
#4 C:\wamp64\www\desafio-skysolar\api\public\index.php(37): CodeIgniter\CodeIgniter->run()
#5 {main}
CRITICAL - 2022-03-01 17:58:02 --> Undefined variable: cod_pessoa
#0 C:\wamp64\www\desafio-skysolar\api\app\Controllers\Pessoas.php(85): CodeIgniter\Debug\Exceptions->errorHandler(8, 'Undefined varia...', 'C:\\wamp64\\www\\d...', 85, Array)
#1 C:\wamp64\www\desafio-skysolar\api\system\CodeIgniter.php(832): App\Controllers\Pessoas->create()
#2 C:\wamp64\www\desafio-skysolar\api\system\CodeIgniter.php(419): CodeIgniter\CodeIgniter->runController(Object(App\Controllers\Pessoas))
#3 C:\wamp64\www\desafio-skysolar\api\system\CodeIgniter.php(326): CodeIgniter\CodeIgniter->handleRequest(NULL, Object(Config\Cache), false)
#4 C:\wamp64\www\desafio-skysolar\api\public\index.php(37): CodeIgniter\CodeIgniter->run()
#5 {main}
CRITICAL - 2022-03-01 17:58:16 --> Undefined variable: cod_pessoa
#0 C:\wamp64\www\desafio-skysolar\api\app\Controllers\Pessoas.php(85): CodeIgniter\Debug\Exceptions->errorHandler(8, 'Undefined varia...', 'C:\\wamp64\\www\\d...', 85, Array)
#1 C:\wamp64\www\desafio-skysolar\api\system\CodeIgniter.php(832): App\Controllers\Pessoas->create()
#2 C:\wamp64\www\desafio-skysolar\api\system\CodeIgniter.php(419): CodeIgniter\CodeIgniter->runController(Object(App\Controllers\Pessoas))
#3 C:\wamp64\www\desafio-skysolar\api\system\CodeIgniter.php(326): CodeIgniter\CodeIgniter->handleRequest(NULL, Object(Config\Cache), false)
#4 C:\wamp64\www\desafio-skysolar\api\public\index.php(37): CodeIgniter\CodeIgniter->run()
#5 {main}
CRITICAL - 2022-03-01 18:03:16 --> Declaration of App\Controllers\Pessoas::update($cod_pessoa) should be compatible with CodeIgniter\RESTful\ResourceController::update($id = NULL)
#0 C:\wamp64\www\desafio-skysolar\api\app\Controllers\Pessoas.php(8): CodeIgniter\Debug\Exceptions->errorHandler(2, 'Declaration of ...', 'C:\\wamp64\\www\\d...', 8, Array)
#1 C:\wamp64\www\desafio-skysolar\api\system\Router\Router.php(518): include_once('C:\\wamp64\\www\\d...')
#2 C:\wamp64\www\desafio-skysolar\api\system\Router\Router.php(175): CodeIgniter\Router\Router->autoRoute('pessoas/update/...')
#3 C:\wamp64\www\desafio-skysolar\api\system\CodeIgniter.php(726): CodeIgniter\Router\Router->handle('pessoas/update/...')
#4 C:\wamp64\www\desafio-skysolar\api\system\CodeIgniter.php(368): CodeIgniter\CodeIgniter->tryToRouteIt(Object(CodeIgniter\Router\RouteCollection))
#5 C:\wamp64\www\desafio-skysolar\api\system\CodeIgniter.php(326): CodeIgniter\CodeIgniter->handleRequest(NULL, Object(Config\Cache), false)
#6 C:\wamp64\www\desafio-skysolar\api\public\index.php(37): CodeIgniter\CodeIgniter->run()
#7 {main}
