CRITICAL - 2022-03-19 15:29:59 --> Undefined variable: encrypter
#0 C:\wamp64\www\samplemed\api\app\Controllers\Posts.php(28): CodeIgniter\Debug\Exceptions->errorHandler(8, 'Undefined varia...', 'C:\\wamp64\\www\\s...', 28, Array)
#1 C:\wamp64\www\samplemed\api\system\CodeIgniter.php(832): App\Controllers\Posts->list()
#2 C:\wamp64\www\samplemed\api\system\CodeIgniter.php(419): CodeIgniter\CodeIgniter->runController(Object(App\Controllers\Posts))
#3 C:\wamp64\www\samplemed\api\system\CodeIgniter.php(326): CodeIgniter\CodeIgniter->handleRequest(NULL, Object(Config\Cache), false)
#4 C:\wamp64\www\samplemed\api\public\index.php(37): CodeIgniter\CodeIgniter->run()
#5 {main}
CRITICAL - 2022-03-19 15:30:36 --> Undefined variable: encrypter
#0 C:\wamp64\www\samplemed\api\app\Controllers\Posts.php(28): CodeIgniter\Debug\Exceptions->errorHandler(8, 'Undefined varia...', 'C:\\wamp64\\www\\s...', 28, Array)
#1 C:\wamp64\www\samplemed\api\system\CodeIgniter.php(832): App\Controllers\Posts->list()
#2 C:\wamp64\www\samplemed\api\system\CodeIgniter.php(419): CodeIgniter\CodeIgniter->runController(Object(App\Controllers\Posts))
#3 C:\wamp64\www\samplemed\api\system\CodeIgniter.php(326): CodeIgniter\CodeIgniter->handleRequest(NULL, Object(Config\Cache), false)
#4 C:\wamp64\www\samplemed\api\public\index.php(37): CodeIgniter\CodeIgniter->run()
#5 {main}
CRITICAL - 2022-03-19 15:30:36 --> Undefined variable: encrypter
#0 C:\wamp64\www\samplemed\api\app\Controllers\Posts.php(28): CodeIgniter\Debug\Exceptions->errorHandler(8, 'Undefined varia...', 'C:\\wamp64\\www\\s...', 28, Array)
#1 C:\wamp64\www\samplemed\api\system\CodeIgniter.php(832): App\Controllers\Posts->list()
#2 C:\wamp64\www\samplemed\api\system\CodeIgniter.php(419): CodeIgniter\CodeIgniter->runController(Object(App\Controllers\Posts))
#3 C:\wamp64\www\samplemed\api\system\CodeIgniter.php(326): CodeIgniter\CodeIgniter->handleRequest(NULL, Object(Config\Cache), false)
#4 C:\wamp64\www\samplemed\api\public\index.php(37): CodeIgniter\CodeIgniter->run()
#5 {main}
CRITICAL - 2022-03-19 15:33:07 --> Undefined variable: encrypter
#0 C:\wamp64\www\samplemed\api\app\Controllers\Posts.php(28): CodeIgniter\Debug\Exceptions->errorHandler(8, 'Undefined varia...', 'C:\\wamp64\\www\\s...', 28, Array)
#1 C:\wamp64\www\samplemed\api\system\CodeIgniter.php(832): App\Controllers\Posts->list()
#2 C:\wamp64\www\samplemed\api\system\CodeIgniter.php(419): CodeIgniter\CodeIgniter->runController(Object(App\Controllers\Posts))
#3 C:\wamp64\www\samplemed\api\system\CodeIgniter.php(326): CodeIgniter\CodeIgniter->handleRequest(NULL, Object(Config\Cache), false)
#4 C:\wamp64\www\samplemed\api\public\index.php(37): CodeIgniter\CodeIgniter->run()
#5 {main}
CRITICAL - 2022-03-19 15:34:25 --> Encrypter needs a starter key.
#0 C:\wamp64\www\samplemed\api\system\Encryption\Encryption.php(124): CodeIgniter\Encryption\Exceptions\EncryptionException::forNeedsStarterKey()
#1 C:\wamp64\www\samplemed\api\system\Config\Services.php(215): CodeIgniter\Encryption\Encryption->initialize(Object(Config\Encryption))
#2 C:\wamp64\www\samplemed\api\system\Config\BaseService.php(248): CodeIgniter\Config\Services::encrypter()
#3 C:\wamp64\www\samplemed\api\app\Controllers\Posts.php(27): CodeIgniter\Config\BaseService::__callStatic('encrypter', Array)
#4 C:\wamp64\www\samplemed\api\system\CodeIgniter.php(832): App\Controllers\Posts->list()
#5 C:\wamp64\www\samplemed\api\system\CodeIgniter.php(419): CodeIgniter\CodeIgniter->runController(Object(App\Controllers\Posts))
#6 C:\wamp64\www\samplemed\api\system\CodeIgniter.php(326): CodeIgniter\CodeIgniter->handleRequest(NULL, Object(Config\Cache), false)
#7 C:\wamp64\www\samplemed\api\public\index.php(37): CodeIgniter\CodeIgniter->run()
#8 {main}
CRITICAL - 2022-03-19 16:25:48 --> You must set the database table to be used with your query.
#0 C:\wamp64\www\samplemed\api\system\Model.php(545): CodeIgniter\Database\BaseConnection->table(NULL)
#1 C:\wamp64\www\samplemed\api\system\Model.php(693): CodeIgniter\Model->builder()
#2 C:\wamp64\www\samplemed\api\app\Models\AuthModel.php(13): CodeIgniter\Model->__get('request')
#3 C:\wamp64\www\samplemed\api\app\Controllers\Posts.php(19): App\Models\AuthModel->validaToken()
#4 C:\wamp64\www\samplemed\api\system\CodeIgniter.php(809): App\Controllers\Posts->__construct()
#5 C:\wamp64\www\samplemed\api\system\CodeIgniter.php(410): CodeIgniter\CodeIgniter->createController()
#6 C:\wamp64\www\samplemed\api\system\CodeIgniter.php(326): CodeIgniter\CodeIgniter->handleRequest(NULL, Object(Config\Cache), false)
#7 C:\wamp64\www\samplemed\api\public\index.php(37): CodeIgniter\CodeIgniter->run()
#8 {main}
CRITICAL - 2022-03-19 16:26:29 --> You must set the database table to be used with your query.
#0 C:\wamp64\www\samplemed\api\system\Model.php(545): CodeIgniter\Database\BaseConnection->table(NULL)
#1 C:\wamp64\www\samplemed\api\system\Model.php(693): CodeIgniter\Model->builder()
#2 C:\wamp64\www\samplemed\api\app\Models\AuthModel.php(13): CodeIgniter\Model->__get('request')
#3 C:\wamp64\www\samplemed\api\app\Controllers\Posts.php(19): App\Models\AuthModel->validaToken()
#4 C:\wamp64\www\samplemed\api\system\CodeIgniter.php(809): App\Controllers\Posts->__construct()
#5 C:\wamp64\www\samplemed\api\system\CodeIgniter.php(410): CodeIgniter\CodeIgniter->createController()
#6 C:\wamp64\www\samplemed\api\system\CodeIgniter.php(326): CodeIgniter\CodeIgniter->handleRequest(NULL, Object(Config\Cache), false)
#7 C:\wamp64\www\samplemed\api\public\index.php(37): CodeIgniter\CodeIgniter->run()
#8 {main}
CRITICAL - 2022-03-19 16:26:30 --> You must set the database table to be used with your query.
#0 C:\wamp64\www\samplemed\api\system\Model.php(545): CodeIgniter\Database\BaseConnection->table(NULL)
#1 C:\wamp64\www\samplemed\api\system\Model.php(693): CodeIgniter\Model->builder()
#2 C:\wamp64\www\samplemed\api\app\Models\AuthModel.php(13): CodeIgniter\Model->__get('request')
#3 C:\wamp64\www\samplemed\api\app\Controllers\Posts.php(19): App\Models\AuthModel->validaToken()
#4 C:\wamp64\www\samplemed\api\system\CodeIgniter.php(809): App\Controllers\Posts->__construct()
#5 C:\wamp64\www\samplemed\api\system\CodeIgniter.php(410): CodeIgniter\CodeIgniter->createController()
#6 C:\wamp64\www\samplemed\api\system\CodeIgniter.php(326): CodeIgniter\CodeIgniter->handleRequest(NULL, Object(Config\Cache), false)
#7 C:\wamp64\www\samplemed\api\public\index.php(37): CodeIgniter\CodeIgniter->run()
#8 {main}
CRITICAL - 2022-03-19 16:31:53 --> Undefined variable: request
#0 C:\wamp64\www\samplemed\api\app\Models\AuthModel.php(17): CodeIgniter\Debug\Exceptions->errorHandler(8, 'Undefined varia...', 'C:\\wamp64\\www\\s...', 17, Array)
#1 C:\wamp64\www\samplemed\api\app\Controllers\Posts.php(19): App\Models\AuthModel->validaToken(NULL)
#2 C:\wamp64\www\samplemed\api\system\CodeIgniter.php(809): App\Controllers\Posts->__construct()
#3 C:\wamp64\www\samplemed\api\system\CodeIgniter.php(410): CodeIgniter\CodeIgniter->createController()
#4 C:\wamp64\www\samplemed\api\system\CodeIgniter.php(326): CodeIgniter\CodeIgniter->handleRequest(NULL, Object(Config\Cache), false)
#5 C:\wamp64\www\samplemed\api\public\index.php(37): CodeIgniter\CodeIgniter->run()
#6 {main}
CRITICAL - 2022-03-19 16:31:59 --> Call to a member function getGet() on null
#0 C:\wamp64\www\samplemed\api\app\Controllers\Posts.php(19): App\Models\AuthModel->validaToken(NULL)
#1 C:\wamp64\www\samplemed\api\system\CodeIgniter.php(809): App\Controllers\Posts->__construct()
#2 C:\wamp64\www\samplemed\api\system\CodeIgniter.php(410): CodeIgniter\CodeIgniter->createController()
#3 C:\wamp64\www\samplemed\api\system\CodeIgniter.php(326): CodeIgniter\CodeIgniter->handleRequest(NULL, Object(Config\Cache), false)
#4 C:\wamp64\www\samplemed\api\public\index.php(37): CodeIgniter\CodeIgniter->run()
#5 {main}
CRITICAL - 2022-03-19 16:32:00 --> Call to a member function getGet() on null
#0 C:\wamp64\www\samplemed\api\app\Controllers\Posts.php(19): App\Models\AuthModel->validaToken(NULL)
#1 C:\wamp64\www\samplemed\api\system\CodeIgniter.php(809): App\Controllers\Posts->__construct()
#2 C:\wamp64\www\samplemed\api\system\CodeIgniter.php(410): CodeIgniter\CodeIgniter->createController()
#3 C:\wamp64\www\samplemed\api\system\CodeIgniter.php(326): CodeIgniter\CodeIgniter->handleRequest(NULL, Object(Config\Cache), false)
#4 C:\wamp64\www\samplemed\api\public\index.php(37): CodeIgniter\CodeIgniter->run()
#5 {main}
CRITICAL - 2022-03-19 16:32:00 --> Call to a member function getGet() on null
#0 C:\wamp64\www\samplemed\api\app\Controllers\Posts.php(19): App\Models\AuthModel->validaToken(NULL)
#1 C:\wamp64\www\samplemed\api\system\CodeIgniter.php(809): App\Controllers\Posts->__construct()
#2 C:\wamp64\www\samplemed\api\system\CodeIgniter.php(410): CodeIgniter\CodeIgniter->createController()
#3 C:\wamp64\www\samplemed\api\system\CodeIgniter.php(326): CodeIgniter\CodeIgniter->handleRequest(NULL, Object(Config\Cache), false)
#4 C:\wamp64\www\samplemed\api\public\index.php(37): CodeIgniter\CodeIgniter->run()
#5 {main}
CRITICAL - 2022-03-19 16:32:00 --> Call to a member function getGet() on null
#0 C:\wamp64\www\samplemed\api\app\Controllers\Posts.php(19): App\Models\AuthModel->validaToken(NULL)
#1 C:\wamp64\www\samplemed\api\system\CodeIgniter.php(809): App\Controllers\Posts->__construct()
#2 C:\wamp64\www\samplemed\api\system\CodeIgniter.php(410): CodeIgniter\CodeIgniter->createController()
#3 C:\wamp64\www\samplemed\api\system\CodeIgniter.php(326): CodeIgniter\CodeIgniter->handleRequest(NULL, Object(Config\Cache), false)
#4 C:\wamp64\www\samplemed\api\public\index.php(37): CodeIgniter\CodeIgniter->run()
#5 {main}
CRITICAL - 2022-03-19 16:32:00 --> Call to a member function getGet() on null
#0 C:\wamp64\www\samplemed\api\app\Controllers\Posts.php(19): App\Models\AuthModel->validaToken(NULL)
#1 C:\wamp64\www\samplemed\api\system\CodeIgniter.php(809): App\Controllers\Posts->__construct()
#2 C:\wamp64\www\samplemed\api\system\CodeIgniter.php(410): CodeIgniter\CodeIgniter->createController()
#3 C:\wamp64\www\samplemed\api\system\CodeIgniter.php(326): CodeIgniter\CodeIgniter->handleRequest(NULL, Object(Config\Cache), false)
#4 C:\wamp64\www\samplemed\api\public\index.php(37): CodeIgniter\CodeIgniter->run()
#5 {main}
CRITICAL - 2022-03-19 16:32:17 --> Call to a member function getGet() on null
#0 C:\wamp64\www\samplemed\api\system\CodeIgniter.php(809): App\Controllers\Posts->__construct()
#1 C:\wamp64\www\samplemed\api\system\CodeIgniter.php(410): CodeIgniter\CodeIgniter->createController()
#2 C:\wamp64\www\samplemed\api\system\CodeIgniter.php(326): CodeIgniter\CodeIgniter->handleRequest(NULL, Object(Config\Cache), false)
#3 C:\wamp64\www\samplemed\api\public\index.php(37): CodeIgniter\CodeIgniter->run()
#4 {main}
CRITICAL - 2022-03-19 16:37:27 --> Call to a member function getHeaderLine() on null
#0 C:\wamp64\www\samplemed\api\app\Controllers\Posts.php(19): App\Models\AuthModel->validaToken()
#1 C:\wamp64\www\samplemed\api\system\CodeIgniter.php(809): App\Controllers\Posts->__construct()
#2 C:\wamp64\www\samplemed\api\system\CodeIgniter.php(410): CodeIgniter\CodeIgniter->createController()
#3 C:\wamp64\www\samplemed\api\system\CodeIgniter.php(326): CodeIgniter\CodeIgniter->handleRequest(NULL, Object(Config\Cache), false)
#4 C:\wamp64\www\samplemed\api\public\index.php(37): CodeIgniter\CodeIgniter->run()
#5 {main}
CRITICAL - 2022-03-19 16:37:28 --> Call to a member function getHeaderLine() on null
#0 C:\wamp64\www\samplemed\api\app\Controllers\Posts.php(19): App\Models\AuthModel->validaToken()
#1 C:\wamp64\www\samplemed\api\system\CodeIgniter.php(809): App\Controllers\Posts->__construct()
#2 C:\wamp64\www\samplemed\api\system\CodeIgniter.php(410): CodeIgniter\CodeIgniter->createController()
#3 C:\wamp64\www\samplemed\api\system\CodeIgniter.php(326): CodeIgniter\CodeIgniter->handleRequest(NULL, Object(Config\Cache), false)
#4 C:\wamp64\www\samplemed\api\public\index.php(37): CodeIgniter\CodeIgniter->run()
#5 {main}
CRITICAL - 2022-03-19 16:39:41 --> Call to a member function getHeaderLine() on null
#0 C:\wamp64\www\samplemed\api\system\CodeIgniter.php(809): App\Controllers\Posts->__construct()
#1 C:\wamp64\www\samplemed\api\system\CodeIgniter.php(410): CodeIgniter\CodeIgniter->createController()
#2 C:\wamp64\www\samplemed\api\system\CodeIgniter.php(326): CodeIgniter\CodeIgniter->handleRequest(NULL, Object(Config\Cache), false)
#3 C:\wamp64\www\samplemed\api\public\index.php(37): CodeIgniter\CodeIgniter->run()
#4 {main}
CRITICAL - 2022-03-19 16:41:16 --> Undefined variable: request
#0 C:\wamp64\www\samplemed\api\app\Controllers\Posts.php(19): CodeIgniter\Debug\Exceptions->errorHandler(8, 'Undefined varia...', 'C:\\wamp64\\www\\s...', 19, Array)
#1 C:\wamp64\www\samplemed\api\system\CodeIgniter.php(809): App\Controllers\Posts->__construct()
#2 C:\wamp64\www\samplemed\api\system\CodeIgniter.php(410): CodeIgniter\CodeIgniter->createController()
#3 C:\wamp64\www\samplemed\api\system\CodeIgniter.php(326): CodeIgniter\CodeIgniter->handleRequest(NULL, Object(Config\Cache), false)
#4 C:\wamp64\www\samplemed\api\public\index.php(37): CodeIgniter\CodeIgniter->run()
#5 {main}
CRITICAL - 2022-03-19 16:41:17 --> Undefined variable: request
#0 C:\wamp64\www\samplemed\api\app\Controllers\Posts.php(19): CodeIgniter\Debug\Exceptions->errorHandler(8, 'Undefined varia...', 'C:\\wamp64\\www\\s...', 19, Array)
#1 C:\wamp64\www\samplemed\api\system\CodeIgniter.php(809): App\Controllers\Posts->__construct()
#2 C:\wamp64\www\samplemed\api\system\CodeIgniter.php(410): CodeIgniter\CodeIgniter->createController()
#3 C:\wamp64\www\samplemed\api\system\CodeIgniter.php(326): CodeIgniter\CodeIgniter->handleRequest(NULL, Object(Config\Cache), false)
#4 C:\wamp64\www\samplemed\api\public\index.php(37): CodeIgniter\CodeIgniter->run()
#5 {main}
CRITICAL - 2022-03-19 16:41:31 --> Undefined variable: request
#0 C:\wamp64\www\samplemed\api\app\Controllers\Posts.php(19): CodeIgniter\Debug\Exceptions->errorHandler(8, 'Undefined varia...', 'C:\\wamp64\\www\\s...', 19, Array)
#1 C:\wamp64\www\samplemed\api\system\CodeIgniter.php(809): App\Controllers\Posts->__construct()
#2 C:\wamp64\www\samplemed\api\system\CodeIgniter.php(410): CodeIgniter\CodeIgniter->createController()
#3 C:\wamp64\www\samplemed\api\system\CodeIgniter.php(326): CodeIgniter\CodeIgniter->handleRequest(NULL, Object(Config\Cache), false)
#4 C:\wamp64\www\samplemed\api\public\index.php(37): CodeIgniter\CodeIgniter->run()
#5 {main}
CRITICAL - 2022-03-19 16:47:58 --> syntax error, unexpected 'if' (T_IF)
#0 C:\wamp64\www\samplemed\api\system\Autoloader\Autoloader.php(241): CodeIgniter\Autoloader\Autoloader->includeFile('C:\\wamp64\\www\\s...')
#1 C:\wamp64\www\samplemed\api\system\Autoloader\Autoloader.php(219): CodeIgniter\Autoloader\Autoloader->loadInNamespace('App\\Models\\Auth...')
#2 [internal function]: CodeIgniter\Autoloader\Autoloader->loadClass('App\\Models\\Auth...')
#3 C:\wamp64\www\samplemed\api\app\Controllers\Posts.php(17): spl_autoload_call('App\\Models\\Auth...')
#4 C:\wamp64\www\samplemed\api\system\CodeIgniter.php(809): App\Controllers\Posts->__construct()
#5 C:\wamp64\www\samplemed\api\system\CodeIgniter.php(410): CodeIgniter\CodeIgniter->createController()
#6 C:\wamp64\www\samplemed\api\system\CodeIgniter.php(326): CodeIgniter\CodeIgniter->handleRequest(NULL, Object(Config\Cache), false)
#7 C:\wamp64\www\samplemed\api\public\index.php(37): CodeIgniter\CodeIgniter->run()
#8 {main}
CRITICAL - 2022-03-19 16:48:11 --> Cannot use isset() on the result of an expression (you can use "null !== expression" instead)
#0 [internal function]: CodeIgniter\Debug\Exceptions->shutdownHandler()
#1 {main}
CRITICAL - 2022-03-19 16:48:27 --> Cannot use isset() on the result of an expression (you can use "null !== expression" instead)
#0 [internal function]: CodeIgniter\Debug\Exceptions->shutdownHandler()
#1 {main}
CRITICAL - 2022-03-19 16:54:11 --> Call to a member function setJSON() on null
#0 C:\wamp64\www\samplemed\api\system\CodeIgniter.php(809): App\Controllers\Posts->__construct()
#1 C:\wamp64\www\samplemed\api\system\CodeIgniter.php(410): CodeIgniter\CodeIgniter->createController()
#2 C:\wamp64\www\samplemed\api\system\CodeIgniter.php(326): CodeIgniter\CodeIgniter->handleRequest(NULL, Object(Config\Cache), false)
#3 C:\wamp64\www\samplemed\api\public\index.php(37): CodeIgniter\CodeIgniter->run()
#4 {main}
CRITICAL - 2022-03-19 16:55:16 --> Call to a member function setJSON() on null
#0 C:\wamp64\www\samplemed\api\system\CodeIgniter.php(809): App\Controllers\Posts->__construct()
#1 C:\wamp64\www\samplemed\api\system\CodeIgniter.php(410): CodeIgniter\CodeIgniter->createController()
#2 C:\wamp64\www\samplemed\api\system\CodeIgniter.php(326): CodeIgniter\CodeIgniter->handleRequest(NULL, Object(Config\Cache), false)
#3 C:\wamp64\www\samplemed\api\public\index.php(37): CodeIgniter\CodeIgniter->run()
#4 {main}
CRITICAL - 2022-03-19 16:55:17 --> Call to a member function setJSON() on null
#0 C:\wamp64\www\samplemed\api\system\CodeIgniter.php(809): App\Controllers\Posts->__construct()
#1 C:\wamp64\www\samplemed\api\system\CodeIgniter.php(410): CodeIgniter\CodeIgniter->createController()
#2 C:\wamp64\www\samplemed\api\system\CodeIgniter.php(326): CodeIgniter\CodeIgniter->handleRequest(NULL, Object(Config\Cache), false)
#3 C:\wamp64\www\samplemed\api\public\index.php(37): CodeIgniter\CodeIgniter->run()
#4 {main}
